<?xml version="1.0" encoding="UTF-8"?>
<!-- Generated by org.testng.reporters.JUnitReportReporter -->
<testsuite hostname="Robin" failures="0" tests="1" name="runner.TestRunner" time="3.024" errors="0" timestamp="2024-03-24T15:29:47 AEDT" skipped="0">
  <testcase classname="runner.TestRunner" name="testFeatureLocally" time="3.024"/>
</testsuite> <!-- runner.TestRunner -->
